
PHP Notice:  Undefined index: date in /var/www/ds/mail.php on line 17
PHP Notice:  Undefined offset: 2 in /var/www/ds/mail.php on line 98
<html> <head>
<meta http-equiv="content-type" content="text/html; charset=UTF-8" >
<link rel="stylesheet" type="text/css" href="./main.css" media="all"> 
<script type="text/javascript" src="./main.js"></script>
<script type="text/javascript" src="./jquery.js"></script>
<script type="text/javascript" src="./table.js"></script>
<link rel="stylesheet" type="text/css" href="./table.css" media="all">
<title>Nextop-Atrenta Data Sync Monitor - 20150603</title> </head> <body><h1 align="center"> <a href=http://portland.cn.atrenta.com/ds//index.php?date=20150603> Data Sync <font color=red>FAILED</font> on 20150603. </a> </h1><p></p><p align="center">  START AT: <font color=blue>2015-06-03 00:03:01</font>
		END AT:<font color=blue> 2015-06-03 00:33:09 </font>
		TIME: <font color=blue>  1808 seconds.
 </font> 	
		MACHINE: <font color=blue> portland.cn.atrenta.com
 </font> </p> 
		<p> </p>
		
		<table class="example table-autosort table-autofilter table-autopage:1300 table-stripeclass:alternate table-page-number:t1page table-page-count:t1pages table-filtered-rowcount:t1filtercount table-rowcount:t1allcount" style="margin:0 auto"><thead> <tr>  
		<th class="table-sortable:numeric table-sortable table-sorted-asc" > No </th>
		<th title="source directory"  class="table-sortable:default table-sortable">  source directory  </th> 
		<th title="dest directory" class="table-sortable:default table-sortable"> target directory </th>
		<th title="size" class="table-sortable:default table-sortable"> Size   </th>
		<th title="time" class="table-sortable:default table-sortable"> Time </th>
		<th title="sync log" class="table-sortable:default table-sortable"> Sync Statu </th>
		<th title="sync details" class="table-sortable:default table-sortable"> Log Size </th>
		</tr>
		</thead> <tbody>
	<tr class=""><td>  0  </td> <td> <a href=http://portland.cn.atrenta.com/ds///data/20150603/summary.washington.txt>  /n/dev/git </a>  </td> <td> <a href=http://portland.cn.atrenta.com/ds///data/20150603/summary.washington.txt>  heng@wushi.atrenta.com:/nextop/nxtdev/src/git/repositories</a>  </td> <td>  2.9G  </td> <td>  178s
  </td> <td>  <a href=http://portland.cn.atrenta.com/ds///data/20150603/heng@wushi.atrenta.com.git.portland.txt> <font color=green> PASS </font>  </a> </td> <td>  <a href=http://portland.cn.atrenta.com/ds///data/20150603/heng@wushi.atrenta.com.git.portland.txt> 5.88 M </a> </td> </tr><tr class=""><td>  1  </td> <td> <a href=http://portland.cn.atrenta.com/ds///data/20150603/summary.washington.txt>  /n/archive/cvs </a>  </td> <td> <a href=http://portland.cn.atrenta.com/ds///data/20150603/summary.washington.txt>  heng@wushi.atrenta.com:/nextop/nxtdev/src/cvs</a>  </td> <td>  8.1G  </td> <td>  85s
  </td> <td>  <a href=http://portland.cn.atrenta.com/ds///data/20150603/heng@wushi.atrenta.com.cvs.portland.txt> <font color=green> PASS </font>  </a> </td> <td>  <a href=http://portland.cn.atrenta.com/ds///data/20150603/heng@wushi.atrenta.com.cvs.portland.txt> 3.41 M </a> </td> </tr><tr class=""><td>  2  </td> <td> <a href=http://portland.cn.atrenta.com/ds///data/20150603/summary.washington.txt>  /n/release </a>  </td> <td> <a href=http://portland.cn.atrenta.com/ds///data/20150603/summary.washington.txt>  heng@wushi.atrenta.com:/nextop/nxt2/release</a>  </td> <td>  3.6G  </td> <td>  83s
  </td> <td>  <a href=http://portland.cn.atrenta.com/ds///data/20150603/heng@wushi.atrenta.com.release.portland.txt> <font color=red> FAIL </font>  </a> </td> <td>  <a href=http://portland.cn.atrenta.com/ds///data/20150603/heng@wushi.atrenta.com.release.portland.txt> 14.92 K </a> </td> </tr><tr class=""><td>  3  </td> <td> <a href=http://portland.cn.atrenta.com/ds///data/20150603/summary.washington.txt>  /n/mantis </a>  </td> <td> <a href=http://portland.cn.atrenta.com/ds///data/20150603/summary.washington.txt>  heng@wushi.atrenta.com:/nextop/nxt2/mantis</a>  </td> <td>  4.8G  </td> <td>  1004s
  </td> <td>  <a href=http://portland.cn.atrenta.com/ds///data/20150603/heng@wushi.atrenta.com.mantis.portland.txt> <font color=red> FAIL </font>  </a> </td> <td>  <a href=http://portland.cn.atrenta.com/ds///data/20150603/heng@wushi.atrenta.com.mantis.portland.txt> 561.51 K </a> </td> </tr><tr class=""><td>  4  </td> <td> <a href=http://portland.cn.atrenta.com/ds///data/20150603/summary.washington.txt>  /n/license </a>  </td> <td> <a href=http://portland.cn.atrenta.com/ds///data/20150603/summary.washington.txt>  heng@wushi.atrenta.com:/nextop/nxt2/license</a>  </td> <td>  330M  </td> <td>  4s
  </td> <td>  <a href=http://portland.cn.atrenta.com/ds///data/20150603/heng@wushi.atrenta.com.license.portland.txt> <font color=green> PASS </font>  </a> </td> <td>  <a href=http://portland.cn.atrenta.com/ds///data/20150603/heng@wushi.atrenta.com.license.portland.txt> 8.52 K </a> </td> </tr><tr class=""><td>  5  </td> <td> <a href=http://portland.cn.atrenta.com/ds///data/20150603/summary.washington.txt>  /n/dev/script/CI </a>  </td> <td> <a href=http://portland.cn.atrenta.com/ds///data/20150603/summary.washington.txt>  heng@wushi.atrenta.com:/nextop/nxt2/script/CI</a>  </td> <td>  803M  </td> <td>  29s
  </td> <td>  <a href=http://portland.cn.atrenta.com/ds///data/20150603/heng@wushi.atrenta.com.CI.portland.txt> <font color=green> PASS </font>  </a> </td> <td>  <a href=http://portland.cn.atrenta.com/ds///data/20150603/heng@wushi.atrenta.com.CI.portland.txt> 1.35 M </a> </td> </tr><tr class=""><td>  6  </td> <td> <a href=http://portland.cn.atrenta.com/ds///data/20150603/summary.washington.txt>  /n/dev/script/infra </a>  </td> <td> <a href=http://portland.cn.atrenta.com/ds///data/20150603/summary.washington.txt>  heng@wushi.atrenta.com:/nextop/nxt2/script/infra</a>  </td> <td>  1.3M  </td> <td>  4s
  </td> <td>  <a href=http://portland.cn.atrenta.com/ds///data/20150603/heng@wushi.atrenta.com.infra.portland.txt> <font color=green> PASS </font>  </a> </td> <td>  <a href=http://portland.cn.atrenta.com/ds///data/20150603/heng@wushi.atrenta.com.infra.portland.txt> 2.98 K </a> </td> </tr><tr class=""><td>  7  </td> <td> <a href=http://portland.cn.atrenta.com/ds///data/20150603/summary.washington.txt>  /n/dev/tars/ndbs </a>  </td> <td> <a href=http://portland.cn.atrenta.com/ds///data/20150603/summary.washington.txt>  heng@wushi.atrenta.com:/nextop/nxt2/tars/ndbs</a>  </td> <td>  7.7G  </td> <td>  5s
  </td> <td>  <a href=http://portland.cn.atrenta.com/ds///data/20150603/heng@wushi.atrenta.com.ndbs.portland.txt> <font color=green> PASS </font>  </a> </td> <td>  <a href=http://portland.cn.atrenta.com/ds///data/20150603/heng@wushi.atrenta.com.ndbs.portland.txt> 78.06 K </a> </td> </tr><tr class=""><td>  8  </td> <td> <a href=http://portland.cn.atrenta.com/ds///data/20150603/summary.washington.txt>  /n/dev/tars/3party/python279 </a>  </td> <td> <a href=http://portland.cn.atrenta.com/ds///data/20150603/summary.washington.txt>  heng@wushi.atrenta.com:/nextop/nxt2/tars/3party/python279</a>  </td> <td>  94M  </td> <td>  7s
  </td> <td>  <a href=http://portland.cn.atrenta.com/ds///data/20150603/heng@wushi.atrenta.com.python279.portland.txt> <font color=green> PASS </font>  </a> </td> <td>  <a href=http://portland.cn.atrenta.com/ds///data/20150603/heng@wushi.atrenta.com.python279.portland.txt> 218.95 K </a> </td> </tr><tr class=""><td>  9  </td> <td> <a href=http://portland.cn.atrenta.com/ds///data/20150603/summary.washington.txt>  /n/dev/tars/3party/verific </a>  </td> <td> <a href=http://portland.cn.atrenta.com/ds///data/20150603/summary.washington.txt>  heng@wushi.atrenta.com:/nextop/nxt2/tars/3party/verific</a>  </td> <td>  918M  </td> <td>  4s
  </td> <td>  <a href=http://portland.cn.atrenta.com/ds///data/20150603/heng@wushi.atrenta.com.verific.portland.txt> <font color=green> PASS </font>  </a> </td> <td>  <a href=http://portland.cn.atrenta.com/ds///data/20150603/heng@wushi.atrenta.com.verific.portland.txt> 6.08 K </a> </td> </tr><tr class=""><td>  10  </td> <td> <a href=http://portland.cn.atrenta.com/ds///data/20150603/summary.washington.txt>  /n/designbank/bs2test </a>  </td> <td> <a href=http://portland.cn.atrenta.com/ds///data/20150603/summary.washington.txt>  heng@wushi.atrenta.com:/nextop/nxtdesigns/bs2test</a>  </td> <td>  11G  </td> <td>  257s
  </td> <td>  <a href=http://portland.cn.atrenta.com/ds///data/20150603/heng@wushi.atrenta.com.bs2test.portland.txt> <font color=green> PASS </font>  </a> </td> <td>  <a href=http://portland.cn.atrenta.com/ds///data/20150603/heng@wushi.atrenta.com.bs2test.portland.txt> 2.19 M </a> </td> </tr><tr class=""><td>  11  </td> <td> <a href=http://portland.cn.atrenta.com/ds///data/20150603/summary.washington.txt>  /n/archive/bs1/doc </a>  </td> <td> <a href=http://portland.cn.atrenta.com/ds///data/20150603/summary.washington.txt>  root@washington.cn.atrenta.com:/nextop/n/archive/bs1/doc</a>  </td> <td>  36M  </td> <td>  2s
  </td> <td>  <a href=http://portland.cn.atrenta.com/ds///data/20150603/root@washington.cn.atrenta.com.doc.portland.txt> <font color=green> PASS </font>  </a> </td> <td>  <a href=http://portland.cn.atrenta.com/ds///data/20150603/root@washington.cn.atrenta.com.doc.portland.txt> 1.55 K </a> </td> </tr><tr class=""><td>  12  </td> <td> <a href=http://portland.cn.atrenta.com/ds///data/20150603/summary.washington.txt>  /n/archive/bs1/qmerge </a>  </td> <td> <a href=http://portland.cn.atrenta.com/ds///data/20150603/summary.washington.txt>  root@washington.cn.atrenta.com:/nextop/n/archive/bs1/qmerge</a>  </td> <td>  37M  </td> <td>  1s
  </td> <td>  <a href=http://portland.cn.atrenta.com/ds///data/20150603/root@washington.cn.atrenta.com.qmerge.portland.txt> <font color=green> PASS </font>  </a> </td> <td>  <a href=http://portland.cn.atrenta.com/ds///data/20150603/root@washington.cn.atrenta.com.qmerge.portland.txt> 18.97 K </a> </td> </tr><tr class=""><td>  13  </td> <td> <a href=http://portland.cn.atrenta.com/ds///data/20150603/summary.washington.txt>  /n/archive/bs1/mantis </a>  </td> <td> <a href=http://portland.cn.atrenta.com/ds///data/20150603/summary.washington.txt>  root@washington.cn.atrenta.com:/nextop/n/archive/bs1/mantis</a>  </td> <td>  50G  </td> <td>  80s
  </td> <td>  <a href=http://portland.cn.atrenta.com/ds///data/20150603/root@washington.cn.atrenta.com.mantis.portland.txt> <font color=green> PASS </font>  </a> </td> <td>  <a href=http://portland.cn.atrenta.com/ds///data/20150603/root@washington.cn.atrenta.com.mantis.portland.txt> 3.89 M </a> </td> </tr><tr class=""><td>  14  </td> <td> <a href=http://portland.cn.atrenta.com/ds///data/20150603/summary.washington.txt>  /n/archive/bs1/snapshot </a>  </td> <td> <a href=http://portland.cn.atrenta.com/ds///data/20150603/summary.washington.txt>  root@washington.cn.atrenta.com:/nextop/n/archive/bs1/snapshot</a>  </td> <td>  7.0G  </td> <td>  8s
  </td> <td>  <a href=http://portland.cn.atrenta.com/ds///data/20150603/root@washington.cn.atrenta.com.snapshot.portland.txt> <font color=green> PASS </font>  </a> </td> <td>  <a href=http://portland.cn.atrenta.com/ds///data/20150603/root@washington.cn.atrenta.com.snapshot.portland.txt> 2.92 M </a> </td> </tr><tr class=""><td>  15  </td> <td> <a href=http://portland.cn.atrenta.com/ds///data/20150603/summary.washington.txt>  /n/archive/bs1/tars </a>  </td> <td> <a href=http://portland.cn.atrenta.com/ds///data/20150603/summary.washington.txt>  root@washington.cn.atrenta.com:/nextop/n/archive/bs1/tars</a>  </td> <td>  6.3G  </td> <td>  5s
  </td> <td>  <a href=http://portland.cn.atrenta.com/ds///data/20150603/root@washington.cn.atrenta.com.tars.portland.txt> <font color=green> PASS </font>  </a> </td> <td>  <a href=http://portland.cn.atrenta.com/ds///data/20150603/root@washington.cn.atrenta.com.tars.portland.txt> 955.37 K </a> </td> </tr><tr class=""><td>  16  </td> <td> <a href=http://portland.cn.atrenta.com/ds///data/20150603/summary.washington.txt>  /n/archive/cvs </a>  </td> <td> <a href=http://portland.cn.atrenta.com/ds///data/20150603/summary.washington.txt>  root@washington.cn.atrenta.com:/nextop/n/archive/cvs</a>  </td> <td>  8.1G  </td> <td>  8s
  </td> <td>  <a href=http://portland.cn.atrenta.com/ds///data/20150603/root@washington.cn.atrenta.com.cvs.portland.txt> <font color=green> PASS </font>  </a> </td> <td>  <a href=http://portland.cn.atrenta.com/ds///data/20150603/root@washington.cn.atrenta.com.cvs.portland.txt> 3.41 M </a> </td> </tr><tr class=""><td>  17  </td> <td> <a href=http://portland.cn.atrenta.com/ds///data/20150603/summary.washington.txt>  /n/dev/git </a>  </td> <td> <a href=http://portland.cn.atrenta.com/ds///data/20150603/summary.washington.txt>  root@washington.cn.atrenta.com:/nextop/n/dev/git</a>  </td> <td>  2.9G  </td> <td>  10s
  </td> <td>  <a href=http://portland.cn.atrenta.com/ds///data/20150603/root@washington.cn.atrenta.com.git.portland.txt> <font color=green> PASS </font>  </a> </td> <td>  <a href=http://portland.cn.atrenta.com/ds///data/20150603/root@washington.cn.atrenta.com.git.portland.txt> 5.88 M </a> </td> </tr><tr class=""><td>  18  </td> <td> <a href=http://portland.cn.atrenta.com/ds///data/20150603/summary.washington.txt>  /n/dev/script/CI </a>  </td> <td> <a href=http://portland.cn.atrenta.com/ds///data/20150603/summary.washington.txt>  root@washington.cn.atrenta.com:/nextop/n/dev/script/CI</a>  </td> <td>  803M  </td> <td>  8s
  </td> <td>  <a href=http://portland.cn.atrenta.com/ds///data/20150603/root@washington.cn.atrenta.com.CI.portland.txt> <font color=green> PASS </font>  </a> </td> <td>  <a href=http://portland.cn.atrenta.com/ds///data/20150603/root@washington.cn.atrenta.com.CI.portland.txt> 1.35 M </a> </td> </tr><tr class=""><td>  19  </td> <td> <a href=http://portland.cn.atrenta.com/ds///data/20150603/summary.washington.txt>  /n/dev/tars/3party/python279 </a>  </td> <td> <a href=http://portland.cn.atrenta.com/ds///data/20150603/summary.washington.txt>  root@washington.cn.atrenta.com:/nextop/n/dev/tars/3party/python279</a>  </td> <td>  94M  </td> <td>  1s
  </td> <td>  <a href=http://portland.cn.atrenta.com/ds///data/20150603/root@washington.cn.atrenta.com.python279.portland.txt> <font color=green> PASS </font>  </a> </td> <td>  <a href=http://portland.cn.atrenta.com/ds///data/20150603/root@washington.cn.atrenta.com.python279.portland.txt> 218.96 K </a> </td> </tr><tr class=""><td>  20  </td> <td> <a href=http://portland.cn.atrenta.com/ds///data/20150603/summary.washington.txt>  /n/dev/tars/3party/verific </a>  </td> <td> <a href=http://portland.cn.atrenta.com/ds///data/20150603/summary.washington.txt>  root@washington.cn.atrenta.com:/nextop/n/dev/tars/3party/verific</a>  </td> <td>  918M  </td> <td>  1s
  </td> <td>  <a href=http://portland.cn.atrenta.com/ds///data/20150603/root@washington.cn.atrenta.com.verific.portland.txt> <font color=green> PASS </font>  </a> </td> <td>  <a href=http://portland.cn.atrenta.com/ds///data/20150603/root@washington.cn.atrenta.com.verific.portland.txt> 6.09 K </a> </td> </tr><tr class=""><td>  21  </td> <td> <a href=http://portland.cn.atrenta.com/ds///data/20150603/summary.washington.txt>  /n/dev/tars/ndbs </a>  </td> <td> <a href=http://portland.cn.atrenta.com/ds///data/20150603/summary.washington.txt>  root@washington.cn.atrenta.com:/nextop/n/dev/tars/ndbs</a>  </td> <td>  7.7G  </td> <td>  1s
  </td> <td>  <a href=http://portland.cn.atrenta.com/ds///data/20150603/root@washington.cn.atrenta.com.ndbs.portland.txt> <font color=green> PASS </font>  </a> </td> <td>  <a href=http://portland.cn.atrenta.com/ds///data/20150603/root@washington.cn.atrenta.com.ndbs.portland.txt> 78.07 K </a> </td> </tr><tr class=""><td>  22  </td> <td> <a href=http://portland.cn.atrenta.com/ds///data/20150603/summary.washington.txt>  /n/license </a>  </td> <td> <a href=http://portland.cn.atrenta.com/ds///data/20150603/summary.washington.txt>  root@washington.cn.atrenta.com:/nextop/n/license</a>  </td> <td>  330M  </td> <td>  2s
  </td> <td>  <a href=http://portland.cn.atrenta.com/ds///data/20150603/root@washington.cn.atrenta.com.license.portland.txt> <font color=green> PASS </font>  </a> </td> <td>  <a href=http://portland.cn.atrenta.com/ds///data/20150603/root@washington.cn.atrenta.com.license.portland.txt> 8.53 K </a> </td> </tr><tr class=""><td>  23  </td> <td> <a href=http://portland.cn.atrenta.com/ds///data/20150603/summary.washington.txt>  /n/mantis </a>  </td> <td> <a href=http://portland.cn.atrenta.com/ds///data/20150603/summary.washington.txt>  root@washington.cn.atrenta.com:/nextop/n/mantis</a>  </td> <td>  4.8G  </td> <td>  8s
  </td> <td>  <a href=http://portland.cn.atrenta.com/ds///data/20150603/root@washington.cn.atrenta.com.mantis.portland.txt> <font color=green> PASS </font>  </a> </td> <td>  <a href=http://portland.cn.atrenta.com/ds///data/20150603/root@washington.cn.atrenta.com.mantis.portland.txt> 3.89 M </a> </td> </tr><tr class=""><td>  24  </td> <td> <a href=http://portland.cn.atrenta.com/ds///data/20150603/summary.washington.txt>  /n/release </a>  </td> <td> <a href=http://portland.cn.atrenta.com/ds///data/20150603/summary.washington.txt>  root@washington.cn.atrenta.com:/nextop/n/release</a>  </td> <td>  3.6G  </td> <td>  2s
  </td> <td>  <a href=http://portland.cn.atrenta.com/ds///data/20150603/root@washington.cn.atrenta.com.release.portland.txt> <font color=green> PASS </font>  </a> </td> <td>  <a href=http://portland.cn.atrenta.com/ds///data/20150603/root@washington.cn.atrenta.com.release.portland.txt> 290.38 K </a> </td> </tr><tr class=""><td>  25  </td> <td> <a href=http://portland.cn.atrenta.com/ds///data/20150603/summary.washington.txt>  /n/release/exe </a>  </td> <td> <a href=http://portland.cn.atrenta.com/ds///data/20150603/summary.washington.txt>  root@washington.cn.atrenta.com:/nextop/n/release/exe</a>  </td> <td>  1.6G  </td> <td>  1s
  </td> <td>  <a href=http://portland.cn.atrenta.com/ds///data/20150603/root@washington.cn.atrenta.com.exe.portland.txt> <font color=green> PASS </font>  </a> </td> <td>  <a href=http://portland.cn.atrenta.com/ds///data/20150603/root@washington.cn.atrenta.com.exe.portland.txt> 273.32 K </a> </td> </tr><tr class=""><td>  26  </td> <td> <a href=http://portland.cn.atrenta.com/ds///data/20150603/summary.washington.txt>  /n/dev/script/infra </a>  </td> <td> <a href=http://portland.cn.atrenta.com/ds///data/20150603/summary.washington.txt>  root@washington.cn.atrenta.com:/nextop/n/dev/script/infra</a>  </td> <td>  1.3M  </td> <td>  2s
  </td> <td>  <a href=http://portland.cn.atrenta.com/ds///data/20150603/root@washington.cn.atrenta.com.infra.portland.txt> <font color=green> PASS </font>  </a> </td> <td>  <a href=http://portland.cn.atrenta.com/ds///data/20150603/root@washington.cn.atrenta.com.infra.portland.txt> 2.99 K </a> </td> </tr><tr class=""><td>  27  </td> <td> <a href=http://portland.cn.atrenta.com/ds///data/20150603/summary.washington.txt>  /var/www/ds/data </a>  </td> <td> <a href=http://portland.cn.atrenta.com/ds///data/20150603/summary.washington.txt>  root@washington.cn.atrenta.com:/var/www/ds/data</a>  </td> <td>  709M  </td> <td>  7s
  </td> <td>  <a href=http://portland.cn.atrenta.com/ds///data/20150603/root@washington.cn.atrenta.com.data.portland.txt> <font color=green> PASS </font>  </a> </td> <td>  <a href=http://portland.cn.atrenta.com/ds///data/20150603/root@washington.cn.atrenta.com.data.portland.txt> 37.45 K </a> </td> </tr></table><h1 align=center> Mantis Daily Standby Monitor</h1>
		<table class="example table-autosort table-autofilter table-autopage:1300 table-stripeclass:alternate table-page-number:t1page table-page-count:t1pages table-filtered-rowcount:t1filtercount table-rowcount:t1allcount" style="margin:0 auto"><thead> <tr>  
		<th class="table-sortable:numeric table-sortable table-sorted-asc" > No </th>
		<th title="source directory"  class="table-sortable:default table-sortable">  source directory  </th> 
		<th title="dest directory" class="table-sortable:default table-sortable"> target directory </th>
		</tr>
		</thead> <tbody>
	<tr class=""> <td> 0 </td> 
	<td> <a href=http://portland.cn.atrenta.com/mantis/> http://portland.cn.atrenta.com/mantis/</a> </td>
	<td> <a href=http://washington.cn.atrenta.com/mantis_backup/> http://washington.cn.atrenta.com/mantis_backup/</a> </td>
        </tr>
	<tr class=""> <td> 1 </td> 
	<td> <a href=http://portland.cn.atrenta.com/ds///data/20150603/mantis.backup.txt> backup log </a> </td>
	<td> <a href=http://portland.cn.atrenta.com/ds///data/20150603/mantis.restore.txt> restore log </a> </td>
        </tr>
	</table><h1 align=center> MediaWiki Daily Standby Monitor</h1>
		<table class="example table-autosort table-autofilter table-autopage:1300 table-stripeclass:alternate table-page-number:t1page table-page-count:t1pages table-filtered-rowcount:t1filtercount table-rowcount:t1allcount" style="margin:0 auto"><thead> <tr>  
		<th class="table-sortable:numeric table-sortable table-sorted-asc" > No </th>
		<th title="source directory"  class="table-sortable:default table-sortable">  source directory  </th> 
		<th title="dest directory" class="table-sortable:default table-sortable"> target directory </th>
		</tr>
		</thead> <tbody>
	<tr class=""> <td> 0 </td> 
	<td> <a href=http://portland.cn.atrenta.com/wiki/> http://portland.cn.atrenta.com/wiki/</a> </td>
	<td> <a href=http://washington.cn.atrenta.com/wiki_backup/> http://washington.cn.atrenta.com/wiki_backup/</a> </td>
        </tr>
	<tr class=""> <td> 1 </td> 
	<td> <a href=http://portland.cn.atrenta.com/ds///data/20150603/mediawiki.backup.txt> backup log </a> </td>
	<td> <a href=http://portland.cn.atrenta.com/ds///data/20150603/mediawiki.restore.txt> restore log </a> </td>
        </tr>
	</table><p> </p> <hr>
<div class="legal1" align="CENTER">Copyright (C) 2006-2015<a href="http://www.atrenta.com/">Atrenta Inc.</a>  All rights reserved. </div>
</body>
</html> 
